<?xml version="1.0" encoding="UTF-8"?>
<!-- Generated by org.testng.reporters.JUnitXMLReporter -->
<testsuite hostname="DSK-420" ignored="0" name="LoginTest" tests="6" failures="0" timestamp="11 Apr 2017 09:07:14 GMT" time="260.444" errors="0">
  <testcase name="testLogin" time="3.818" classname="com.training.sessionfour.FirstTestNGTest"/>
  <testcase name="testLoginWithWrongCredentials" time="0.925" classname="com.training.sessionfour.FirstTestNGTest"/>
  <testcase name="testLoginWithWrongCredentials" time="1.017" classname="com.training.sessionfour.FirstTestNGTest"/>
  <testcase name="testLoginWithWrongCredentials" time="0.678" classname="com.training.sessionfour.FirstTestNGTest"/>
  <testcase name="testLoginWithWrongCredentials" time="0.938" classname="com.training.sessionfour.FirstTestNGTest"/>
  <testcase name="testLogout" time="11.757" classname="com.training.sessionfour.FirstTestNGTest"/>
</testsuite> <!-- LoginTest -->
