<?xml version="1.0" encoding="UTF-8"?>
<testng-results skipped="0" failed="0" ignored="0" total="6" passed="6">
  <reporter-output>
  </reporter-output>
  <suite name="Login" duration-ms="260444" started-at="2017-04-11T09:02:53Z" finished-at="2017-04-11T09:07:13Z">
    <groups>
      <group name="logingroup">
        <method signature="FirstTestNGTest.testLogin(java.lang.String, java.lang.String)[pri:0, instance:com.training.sessionfour.FirstTestNGTest@77caeb3e]" name="testLogin" class="com.training.sessionfour.FirstTestNGTest"/>
        <method signature="FirstTestNGTest.testLoginWithWrongCredentials(java.lang.String, java.lang.String)[pri:0, instance:com.training.sessionfour.FirstTestNGTest@77caeb3e]" name="testLoginWithWrongCredentials" class="com.training.sessionfour.FirstTestNGTest"/>
        <method signature="FirstTestNGTest.testLogout()[pri:0, instance:com.training.sessionfour.FirstTestNGTest@77caeb3e]" name="testLogout" class="com.training.sessionfour.FirstTestNGTest"/>
      </group> <!-- logingroup -->
    </groups>
    <test name="LoginTest" duration-ms="260444" started-at="2017-04-11T09:02:53Z" finished-at="2017-04-11T09:07:13Z">
      <class name="com.training.sessionfour.FirstTestNGTest">
        <test-method status="PASS" signature="beforeClass()[pri:0, instance:com.training.sessionfour.FirstTestNGTest@77caeb3e]" name="beforeClass" is-config="true" duration-ms="20" started-at="2017-04-11T14:32:53Z" finished-at="2017-04-11T14:32:53Z">
          <reporter-output>
          </reporter-output>
        </test-method> <!-- beforeClass -->
        <test-method status="PASS" signature="beforeMethod()[pri:0, instance:com.training.sessionfour.FirstTestNGTest@77caeb3e]" name="beforeMethod" is-config="true" duration-ms="44727" started-at="2017-04-11T14:32:53Z" finished-at="2017-04-11T14:33:38Z">
          <reporter-output>
          </reporter-output>
        </test-method> <!-- beforeMethod -->
        <test-method status="PASS" signature="testLogin(java.lang.String, java.lang.String)[pri:0, instance:com.training.sessionfour.FirstTestNGTest@77caeb3e]" name="testLogin" duration-ms="3818" started-at="2017-04-11T14:33:38Z" description="Verify the login with valid credentials." finished-at="2017-04-11T14:33:42Z">
          <params>
            <param index="0">
              <value>
                <![CDATA[test]]>
              </value>
            </param>
            <param index="1">
              <value>
                <![CDATA[test]]>
              </value>
            </param>
          </params>
          <reporter-output>
          </reporter-output>
        </test-method> <!-- testLogin -->
        <test-method status="PASS" signature="afterMethod()[pri:0, instance:com.training.sessionfour.FirstTestNGTest@77caeb3e]" name="afterMethod" is-config="true" duration-ms="561" started-at="2017-04-11T14:33:42Z" finished-at="2017-04-11T14:33:42Z">
          <reporter-output>
          </reporter-output>
        </test-method> <!-- afterMethod -->
        <test-method status="PASS" signature="beforeMethod()[pri:0, instance:com.training.sessionfour.FirstTestNGTest@77caeb3e]" name="beforeMethod" is-config="true" duration-ms="34681" started-at="2017-04-11T14:33:42Z" finished-at="2017-04-11T14:34:17Z">
          <reporter-output>
          </reporter-output>
        </test-method> <!-- beforeMethod -->
        <test-method status="PASS" signature="testLoginWithWrongCredentials(java.lang.String, java.lang.String)[pri:0, instance:com.training.sessionfour.FirstTestNGTest@77caeb3e]" name="testLoginWithWrongCredentials" duration-ms="925" started-at="2017-04-11T14:34:17Z" description="Verify the login with invalid credentials." data-provider="InValidCredentials" finished-at="2017-04-11T14:34:18Z">
          <params>
            <param index="0">
              <value>
                <![CDATA[test]]>
              </value>
            </param>
            <param index="1">
              <value>
                <![CDATA[TEST]]>
              </value>
            </param>
          </params>
          <reporter-output>
          </reporter-output>
        </test-method> <!-- testLoginWithWrongCredentials -->
        <test-method status="PASS" signature="afterMethod()[pri:0, instance:com.training.sessionfour.FirstTestNGTest@77caeb3e]" name="afterMethod" is-config="true" duration-ms="217" started-at="2017-04-11T14:34:18Z" finished-at="2017-04-11T14:34:18Z">
          <reporter-output>
          </reporter-output>
        </test-method> <!-- afterMethod -->
        <test-method status="PASS" signature="beforeMethod()[pri:0, instance:com.training.sessionfour.FirstTestNGTest@77caeb3e]" name="beforeMethod" is-config="true" duration-ms="34756" started-at="2017-04-11T14:34:18Z" finished-at="2017-04-11T14:34:53Z">
          <reporter-output>
          </reporter-output>
        </test-method> <!-- beforeMethod -->
        <test-method status="PASS" signature="testLoginWithWrongCredentials(java.lang.String, java.lang.String)[pri:0, instance:com.training.sessionfour.FirstTestNGTest@77caeb3e]" name="testLoginWithWrongCredentials" duration-ms="1017" started-at="2017-04-11T14:34:53Z" description="Verify the login with invalid credentials." data-provider="InValidCredentials" finished-at="2017-04-11T14:34:54Z">
          <params>
            <param index="0">
              <value>
                <![CDATA[TEST]]>
              </value>
            </param>
            <param index="1">
              <value>
                <![CDATA[test]]>
              </value>
            </param>
          </params>
          <reporter-output>
          </reporter-output>
        </test-method> <!-- testLoginWithWrongCredentials -->
        <test-method status="PASS" signature="afterMethod()[pri:0, instance:com.training.sessionfour.FirstTestNGTest@77caeb3e]" name="afterMethod" is-config="true" duration-ms="160" started-at="2017-04-11T14:34:54Z" finished-at="2017-04-11T14:34:54Z">
          <reporter-output>
          </reporter-output>
        </test-method> <!-- afterMethod -->
        <test-method status="PASS" signature="beforeMethod()[pri:0, instance:com.training.sessionfour.FirstTestNGTest@77caeb3e]" name="beforeMethod" is-config="true" duration-ms="38717" started-at="2017-04-11T14:34:54Z" finished-at="2017-04-11T14:35:33Z">
          <reporter-output>
          </reporter-output>
        </test-method> <!-- beforeMethod -->
        <test-method status="PASS" signature="testLoginWithWrongCredentials(java.lang.String, java.lang.String)[pri:0, instance:com.training.sessionfour.FirstTestNGTest@77caeb3e]" name="testLoginWithWrongCredentials" duration-ms="678" started-at="2017-04-11T14:35:33Z" description="Verify the login with invalid credentials." data-provider="InValidCredentials" finished-at="2017-04-11T14:35:33Z">
          <params>
            <param index="0">
              <value>
                <![CDATA[TEST]]>
              </value>
            </param>
            <param index="1">
              <value>
                <![CDATA[TEST]]>
              </value>
            </param>
          </params>
          <reporter-output>
          </reporter-output>
        </test-method> <!-- testLoginWithWrongCredentials -->
        <test-method status="PASS" signature="afterMethod()[pri:0, instance:com.training.sessionfour.FirstTestNGTest@77caeb3e]" name="afterMethod" is-config="true" duration-ms="227" started-at="2017-04-11T14:35:33Z" finished-at="2017-04-11T14:35:34Z">
          <reporter-output>
          </reporter-output>
        </test-method> <!-- afterMethod -->
        <test-method status="PASS" signature="beforeMethod()[pri:0, instance:com.training.sessionfour.FirstTestNGTest@77caeb3e]" name="beforeMethod" is-config="true" duration-ms="48764" started-at="2017-04-11T14:35:34Z" finished-at="2017-04-11T14:36:22Z">
          <reporter-output>
          </reporter-output>
        </test-method> <!-- beforeMethod -->
        <test-method status="PASS" signature="testLoginWithWrongCredentials(java.lang.String, java.lang.String)[pri:0, instance:com.training.sessionfour.FirstTestNGTest@77caeb3e]" name="testLoginWithWrongCredentials" duration-ms="938" started-at="2017-04-11T14:36:22Z" description="Verify the login with invalid credentials." data-provider="InValidCredentials" finished-at="2017-04-11T14:36:23Z">
          <params>
            <param index="0">
              <value>
                <![CDATA[TeSt]]>
              </value>
            </param>
            <param index="1">
              <value>
                <![CDATA[teST]]>
              </value>
            </param>
          </params>
          <reporter-output>
          </reporter-output>
        </test-method> <!-- testLoginWithWrongCredentials -->
        <test-method status="PASS" signature="afterMethod()[pri:0, instance:com.training.sessionfour.FirstTestNGTest@77caeb3e]" name="afterMethod" is-config="true" duration-ms="182" started-at="2017-04-11T14:36:23Z" finished-at="2017-04-11T14:36:23Z">
          <reporter-output>
          </reporter-output>
        </test-method> <!-- afterMethod -->
        <test-method status="PASS" signature="beforeMethod()[pri:0, instance:com.training.sessionfour.FirstTestNGTest@77caeb3e]" name="beforeMethod" is-config="true" duration-ms="38058" started-at="2017-04-11T14:36:23Z" finished-at="2017-04-11T14:37:02Z">
          <reporter-output>
          </reporter-output>
        </test-method> <!-- beforeMethod -->
        <test-method status="PASS" signature="testLogout()[pri:0, instance:com.training.sessionfour.FirstTestNGTest@77caeb3e]" name="testLogout" duration-ms="11757" started-at="2017-04-11T14:37:02Z" description="Verify the logout functionality." finished-at="2017-04-11T14:37:13Z">
          <reporter-output>
          </reporter-output>
        </test-method> <!-- testLogout -->
        <test-method status="PASS" signature="afterMethod()[pri:0, instance:com.training.sessionfour.FirstTestNGTest@77caeb3e]" name="afterMethod" is-config="true" duration-ms="162" started-at="2017-04-11T14:37:13Z" finished-at="2017-04-11T14:37:13Z">
          <reporter-output>
          </reporter-output>
        </test-method> <!-- afterMethod -->
        <test-method status="PASS" signature="afterClass()[pri:0, instance:com.training.sessionfour.FirstTestNGTest@77caeb3e]" name="afterClass" is-config="true" duration-ms="1" started-at="2017-04-11T14:37:13Z" finished-at="2017-04-11T14:37:13Z">
          <reporter-output>
          </reporter-output>
        </test-method> <!-- afterClass -->
      </class> <!-- com.training.sessionfour.FirstTestNGTest -->
    </test> <!-- LoginTest -->
  </suite> <!-- Login -->
</testng-results>
