<?xml version="1.0" encoding="UTF-8"?>
<!-- Generated by org.testng.reporters.JUnitXMLReporter -->
<testsuite hostname="DSK-420" ignored="0" name="LoginTest" tests="6" failures="0" timestamp="27 Apr 2017 07:18:01 GMT" time="300.572" errors="0">
  <testcase name="testLogin" time="4.505" classname="test.java.FirstTestNGTest"/>
  <testcase name="testLoginWithWrongCredentials" time="0.97" classname="test.java.FirstTestNGTest"/>
  <testcase name="testLoginWithWrongCredentials" time="0.923" classname="test.java.FirstTestNGTest"/>
  <testcase name="testLoginWithWrongCredentials" time="0.962" classname="test.java.FirstTestNGTest"/>
  <testcase name="testLoginWithWrongCredentials" time="0.394" classname="test.java.FirstTestNGTest"/>
  <testcase name="testLogout" time="7.495" classname="test.java.FirstTestNGTest"/>
</testsuite> <!-- LoginTest -->
